<?xml version="1.0" encoding="UTF-8"?>
<testng-results skipped="0" failed="0" total="1" passed="1">
  <reporter-output>
  </reporter-output>
  <suite name="letzNavTestFrameWork.letzNavTestScripts.letzNavRegressionTestEditorTest" duration-ms="41330" started-at="2018-03-22T05:30:28Z" finished-at="2018-03-22T05:31:09Z">
    <groups>
    </groups>
    <test name="Command line test" duration-ms="41330" started-at="2018-03-22T05:30:28Z" finished-at="2018-03-22T05:31:09Z">
      <class name="letzNavTestFrameWork.letzNavTestScripts.letzNavRegressionTestEditorTest">
        <test-method status="PASS" signature="openBrowserAndInstallExtensions()[pri:0, instance:letzNavTestFrameWork.letzNavTestScripts.letzNavRegressionTestEditorTest@5bcab519]" name="openBrowserAndInstallExtensions" is-config="true" duration-ms="29974" started-at="2018-03-22T11:00:28Z" finished-at="2018-03-22T11:00:58Z">
          <reporter-output>
          </reporter-output>
        </test-method> <!-- openBrowserAndInstallExtensions -->
        <test-method status="PASS" signature="beforeMethod()[pri:0, instance:letzNavTestFrameWork.letzNavTestScripts.letzNavRegressionTestEditorTest@5bcab519]" name="beforeMethod" is-config="true" duration-ms="1" started-at="2018-03-22T11:00:58Z" finished-at="2018-03-22T11:00:58Z">
          <reporter-output>
          </reporter-output>
        </test-method> <!-- beforeMethod -->
        <test-method status="PASS" signature="editorLogin()[pri:0, instance:letzNavTestFrameWork.letzNavTestScripts.letzNavRegressionTestEditorTest@5bcab519]" name="editorLogin" duration-ms="8613" started-at="2018-03-22T11:00:58Z" finished-at="2018-03-22T11:01:07Z">
          <reporter-output>
          </reporter-output>
        </test-method> <!-- editorLogin -->
        <test-method status="PASS" signature="tearDown(org.testng.ITestResult)[pri:0, instance:letzNavTestFrameWork.letzNavTestScripts.letzNavRegressionTestEditorTest@5bcab519]" name="tearDown" is-config="true" duration-ms="978" started-at="2018-03-22T11:01:07Z" finished-at="2018-03-22T11:01:07Z">
          <params>
            <param index="0">
              <value>
                <![CDATA[[TestResult name=editorLogin status=SUCCESS method=letzNavRegressionTestEditorTest.editorLogin()[pri:0, instance:letzNavTestFrameWork.letzNavTestScripts.letzNavRegressionTestEditorTest@5bcab519] output={null}]]]>
              </value>
            </param>
          </params>
          <reporter-output>
          </reporter-output>
        </test-method> <!-- tearDown -->
        <test-method status="PASS" signature="afterClass()[pri:0, instance:letzNavTestFrameWork.letzNavTestScripts.letzNavRegressionTestEditorTest@5bcab519]" name="afterClass" is-config="true" duration-ms="1742" started-at="2018-03-22T11:01:07Z" finished-at="2018-03-22T11:01:09Z">
          <reporter-output>
          </reporter-output>
        </test-method> <!-- afterClass -->
      </class> <!-- letzNavTestFrameWork.letzNavTestScripts.letzNavRegressionTestEditorTest -->
    </test> <!-- Command line test -->
  </suite> <!-- letzNavTestFrameWork.letzNavTestScripts.letzNavRegressionTestEditorTest -->
</testng-results>
